[debug] [2019-08-03T17:41:40.511Z] ----------------------------------------------------------------------
[debug] [2019-08-03T17:41:40.512Z] Command:       /home/rahul/.nvm/versions/node/v10.15.0/bin/node /home/rahul/.nvm/versions/node/v10.15.0/bin/firebase serve
[debug] [2019-08-03T17:41:40.512Z] CLI Version:   7.1.0
[debug] [2019-08-03T17:41:40.512Z] Platform:      linux
[debug] [2019-08-03T17:41:40.512Z] Node Version:  v10.15.0
[debug] [2019-08-03T17:41:40.512Z] Time:          Sat Aug 03 2019 23:41:40 GMT+0600 (Bangladesh Standard Time)
[debug] [2019-08-03T17:41:40.512Z] ----------------------------------------------------------------------
[debug] 
[debug] [2019-08-03T17:41:40.517Z] > command requires scopes: ["email","openid","https://www.googleapis.com/auth/cloudplatformprojects.readonly","https://www.googleapis.com/auth/firebase","https://www.googleapis.com/auth/cloud-platform"]
[debug] [2019-08-03T17:41:40.517Z] > authorizing via signed-in user
[debug] [2019-08-03T17:41:40.517Z] [iam] checking project rahulcombd-32ccf for permissions ["firebase.projects.get"]
[debug] [2019-08-03T17:41:40.518Z] >>> HTTP REQUEST POST https://cloudresourcemanager.googleapis.com/v1/projects/rahulcombd-32ccf:testIamPermissions  

[debug] [2019-08-03T17:41:41.951Z] <<< HTTP RESPONSE 200
[debug] [2019-08-03T17:41:41.952Z] >>> HTTP REQUEST GET https://firebase.googleapis.com/v1beta1/projects/rahulcombd-32ccf  
 
[debug] [2019-08-03T17:41:42.710Z] <<< HTTP RESPONSE 200
[info] 
[info] === Serving from '/home/rahul/Desktop/myapp'...
[info] 
[debug] [2019-08-03T17:41:42.725Z] >>> HTTP REQUEST GET https://firebase.googleapis.com/v1beta1/projects/rahulcombd-32ccf/webApps/-/config  
 
[warn] ⚠  Your requested "node" version "8" doesn't match your global version "10"
[debug] [2019-08-03T17:41:42.751Z] >>> HTTP REQUEST GET https://firebase.googleapis.com/v1beta1/projects/rahulcombd-32ccf/adminSdkConfig  
 
[debug] [2019-08-03T17:41:43.182Z] <<< HTTP RESPONSE 200
[debug] [2019-08-03T17:41:43.286Z] <<< HTTP RESPONSE 200
[info] i  hosting: Serving hosting files from: build
[info] ✔  hosting: Local server: http://localhost:5000
[info] ✔  functions: Emulator started at http://localhost:5001
[info] i  functions: Watching "/home/rahul/Desktop/myapp/functions" for Cloud Functions...
[debug] [2019-08-03T17:41:43.629Z] [runtime-status] Functions runtime initialized. {"cwd":"/home/rahul/Desktop/myapp/functions","node_version":"10.15.0"}
[debug] [2019-08-03T17:41:43.629Z] [runtime-status] Disabled runtime features: {"functions_config_helper":true,"network_filtering":true,"timeout":true,"memory_limiting":true,"protect_env":true,"admin_stubs":true} {}
[debug] [2019-08-03T17:41:43.631Z] [runtime-status] Resolved module firebase-admin {"declared":true,"installed":true,"version":"8.2.0","resolution":"/home/rahul/Desktop/myapp/functions/node_modules/firebase-admin/lib/index.js"}
[debug] [2019-08-03T17:41:43.632Z] [runtime-status] Resolved module firebase-functions {"declared":true,"installed":true,"version":"3.0.2","resolution":"/home/rahul/Desktop/myapp/functions/node_modules/firebase-functions/lib/index.js"}
[debug] [2019-08-03T17:41:43.632Z] [runtime-status] Resolved module firebase-functions {"declared":true,"installed":true,"version":"3.0.2","resolution":"/home/rahul/Desktop/myapp/functions/node_modules/firebase-functions/lib/index.js"}
[debug] [2019-08-03T17:41:43.654Z] [runtime-status] Resolved module firebase-admin {"declared":true,"installed":true,"version":"8.2.0","resolution":"/home/rahul/Desktop/myapp/functions/node_modules/firebase-admin/lib/index.js"}
[debug] [2019-08-03T17:41:43.674Z] [runtime-status] firebase-admin has been stubbed. {"adminResolution":{"declared":true,"installed":true,"version":"8.2.0","resolution":"/home/rahul/Desktop/myapp/functions/node_modules/firebase-admin/lib/index.js"}}
[debug] [2019-08-03T17:41:43.712Z] [default-admin-app-used]  {"databaseURL":"https://rahulcombd-32ccf.firebaseio.com","storageBucket":"rahulcombd-32ccf.appspot.com","projectId":"rahulcombd-32ccf","credential":{}}
[debug] [2019-08-03T17:41:43.712Z] [runtime-status] Intializing default app. {"databaseURL":"https://rahulcombd-32ccf.firebaseio.com","storageBucket":"rahulcombd-32ccf.appspot.com","projectId":"rahulcombd-32ccf","credential":{}}
[info] i  functions: HTTP trigger initialized at http://localhost:5001/rahulcombd-32ccf/us-central1/users
[info] i  functions: HTTP trigger initialized at http://localhost:5001/rahulcombd-32ccf/us-central1/contacts
[debug] [2019-08-03T19:11:41.550Z] Accepted request GET /rahulcombd-32ccf/us-central1/contacts --> contacts
[debug] [2019-08-03T19:11:41.777Z] [runtime-status] Functions runtime initialized. {"cwd":"/home/rahul/Desktop/myapp/functions","node_version":"10.15.0"}
[info] i  functions: Beginning execution of "contacts"
[debug] [2019-08-03T19:11:41.779Z] [runtime-status] Disabled runtime features: {"functions_config_helper":true,"network_filtering":true,"timeout":true,"memory_limiting":true,"protect_env":true,"admin_stubs":true} {}
[debug] [2019-08-03T19:11:41.781Z] [runtime-status] Resolved module firebase-admin {"declared":true,"installed":true,"version":"8.2.0","resolution":"/home/rahul/Desktop/myapp/functions/node_modules/firebase-admin/lib/index.js"}
[debug] [2019-08-03T19:11:41.782Z] [runtime-status] Resolved module firebase-functions {"declared":true,"installed":true,"version":"3.0.2","resolution":"/home/rahul/Desktop/myapp/functions/node_modules/firebase-functions/lib/index.js"}
[debug] [2019-08-03T19:11:41.783Z] [runtime-status] Resolved module firebase-functions {"declared":true,"installed":true,"version":"3.0.2","resolution":"/home/rahul/Desktop/myapp/functions/node_modules/firebase-functions/lib/index.js"}
[debug] [2019-08-03T19:11:41.811Z] [runtime-status] Resolved module firebase-admin {"declared":true,"installed":true,"version":"8.2.0","resolution":"/home/rahul/Desktop/myapp/functions/node_modules/firebase-admin/lib/index.js"}
[debug] [2019-08-03T19:11:41.831Z] [runtime-status] firebase-admin has been stubbed. {"adminResolution":{"declared":true,"installed":true,"version":"8.2.0","resolution":"/home/rahul/Desktop/myapp/functions/node_modules/firebase-admin/lib/index.js"}}
[debug] [2019-08-03T19:11:41.880Z] [default-admin-app-used]  {"databaseURL":"https://rahulcombd-32ccf.firebaseio.com","storageBucket":"rahulcombd-32ccf.appspot.com","projectId":"rahulcombd-32ccf","credential":{}}
[debug] [2019-08-03T19:11:41.880Z] [runtime-status] Intializing default app. {"databaseURL":"https://rahulcombd-32ccf.firebaseio.com","storageBucket":"rahulcombd-32ccf.appspot.com","projectId":"rahulcombd-32ccf","credential":{}}
[debug] [2019-08-03T19:11:41.904Z] [runtime-status] Trigger "contacts" has been found, beginning invocation! {}
[debug] [2019-08-03T19:11:41.904Z] [runtime-status]  {"httpsTrigger":{},"name":"contacts","entryPoint":"contacts"}
[debug] [2019-08-03T19:11:41.904Z] [runtime-status] Running contacts in mode HTTPS {}
[debug] [2019-08-03T19:11:41.909Z] {"socketPath":"/tmp/firebase_emulator_invocation_26437.sock"}
[debug] [2019-08-03T19:11:41.928Z] [functions] Runtime ready! Sending request! {"socketPath":"/tmp/firebase_emulator_invocation_26437.sock"}
[debug] [2019-08-03T19:11:41.938Z] [runtime-status] Ephemeral server used! {}
[debug] [2019-08-03T19:11:41.944Z] [runtime-status] Ephemeral server survived. {}
[info] i  functions: Finished "contacts" in ~6s
[debug] [2019-08-03T19:13:21.064Z] Accepted request GET /rahulcombd-32ccf/us-central1/contacts --> contacts
[debug] [2019-08-03T19:13:21.264Z] [runtime-status] Functions runtime initialized. {"cwd":"/home/rahul/Desktop/myapp/functions","node_version":"10.15.0"}
[info] i  functions: Beginning execution of "contacts"
[debug] [2019-08-03T19:13:21.265Z] [runtime-status] Disabled runtime features: {"functions_config_helper":true,"network_filtering":true,"timeout":true,"memory_limiting":true,"protect_env":true,"admin_stubs":true} {}
[debug] [2019-08-03T19:13:21.266Z] [runtime-status] Resolved module firebase-admin {"declared":true,"installed":true,"version":"8.2.0","resolution":"/home/rahul/Desktop/myapp/functions/node_modules/firebase-admin/lib/index.js"}
[debug] [2019-08-03T19:13:21.267Z] [runtime-status] Resolved module firebase-functions {"declared":true,"installed":true,"version":"3.0.2","resolution":"/home/rahul/Desktop/myapp/functions/node_modules/firebase-functions/lib/index.js"}
[debug] [2019-08-03T19:13:21.267Z] [runtime-status] Resolved module firebase-functions {"declared":true,"installed":true,"version":"3.0.2","resolution":"/home/rahul/Desktop/myapp/functions/node_modules/firebase-functions/lib/index.js"}
[debug] [2019-08-03T19:13:21.294Z] [runtime-status] Resolved module firebase-admin {"declared":true,"installed":true,"version":"8.2.0","resolution":"/home/rahul/Desktop/myapp/functions/node_modules/firebase-admin/lib/index.js"}
[debug] [2019-08-03T19:13:21.309Z] [runtime-status] firebase-admin has been stubbed. {"adminResolution":{"declared":true,"installed":true,"version":"8.2.0","resolution":"/home/rahul/Desktop/myapp/functions/node_modules/firebase-admin/lib/index.js"}}
[debug] [2019-08-03T19:13:21.360Z] [default-admin-app-used]  {"databaseURL":"https://rahulcombd-32ccf.firebaseio.com","storageBucket":"rahulcombd-32ccf.appspot.com","projectId":"rahulcombd-32ccf","credential":{}}
[debug] [2019-08-03T19:13:21.364Z] [runtime-status] Intializing default app. {"databaseURL":"https://rahulcombd-32ccf.firebaseio.com","storageBucket":"rahulcombd-32ccf.appspot.com","projectId":"rahulcombd-32ccf","credential":{}}
[debug] [2019-08-03T19:13:21.388Z] [runtime-status] Trigger "contacts" has been found, beginning invocation! {}
[debug] [2019-08-03T19:13:21.389Z] [runtime-status]  {"httpsTrigger":{},"name":"contacts","entryPoint":"contacts"}
[debug] [2019-08-03T19:13:21.389Z] [runtime-status] Running contacts in mode HTTPS {}
[debug] [2019-08-03T19:13:21.393Z] {"socketPath":"/tmp/firebase_emulator_invocation_26736.sock"}
[debug] [2019-08-03T19:13:21.394Z] [functions] Runtime ready! Sending request! {"socketPath":"/tmp/firebase_emulator_invocation_26736.sock"}
[debug] [2019-08-03T19:13:21.412Z] [runtime-status] Ephemeral server used! {}
[debug] [2019-08-03T19:13:21.419Z] [runtime-status] Ephemeral server survived. {}
[info] i  functions: Finished "contacts" in ~4s
